<?xml version="1.0" encoding="UTF-8"?>
<testsuite time='0.598047' skipped='0' failures='0' errors='0' name="StaticPagesControllerTest" assertions='1' tests='1' timestamp="2020-04-14T01:02:49+00:00">
  <testcase time='0.598047' file="test/controllers/static_pages_controller_test.rb" name="test_should_get_root" assertions='1'>
  </testcase>
</testsuite>
