<?xml version="1.0" encoding="UTF-8"?>
<testsuite time='0.180303' skipped='0' failures='0' errors='1' name="StaticPagesControllerTest" assertions='0' tests='1' timestamp="2020-04-13T13:56:04+00:00">
  <testcase time='0.180303' file="test/controllers/static_pages_controller_test.rb" name="test_should_get_root" assertions='0'>
    <error type='ActiveRecord::RecordNotUnique' message="PG::UniqueViolation: ERROR:  duplicate key value violates unique constraint &quot;index_users_on_email&quot;&#13;&#10;DETAIL:  Key (email)=() already exists.&#13;&#10;: INSERT INTO &quot;users&quot; (&quot;created_at&quot;, &quot;updated_at&quot;, &quot;id&quot;) VALUES (&#39;2020-04-13 13:56:03.945932&#39;, &#39;2020-04-13 13:56:03.945932&#39;, 298486374)">
    </error>
  </testcase>
</testsuite>
