<?xml version="1.0" encoding="UTF-8"?>
<testsuite time='0.102370' skipped='0' failures='0' errors='0' name="StaticPagesControllerTest" assertions='8' tests='4' timestamp="2020-04-20T19:45:09+00:00">
  <testcase time='0.027077' file="test/controllers/static_pages_controller_test.rb" name="test_should_get_about" assertions='2'>
  </testcase>
  <testcase time='0.027267' file="test/controllers/static_pages_controller_test.rb" name="test_should_get_help" assertions='2'>
  </testcase>
  <testcase time='0.024391' file="test/controllers/static_pages_controller_test.rb" name="test_should_get_contact" assertions='2'>
  </testcase>
  <testcase time='0.023636' file="test/controllers/static_pages_controller_test.rb" name="test_should_get_root" assertions='2'>
  </testcase>
</testsuite>
